\BOOKMARK [1][-]{section.1}{\376\377\000E\000i\000n\000l\000e\000i\000t\000u\000n\000g}{}% 1
\BOOKMARK [1][-]{section.2}{\376\377\000S\000c\000h\000a\000c\000h}{}% 2
\BOOKMARK [2][-]{subsection.2.1}{\376\377\000S\000p\000i\000e\000l\000b\000r\000e\000t\000t\000\040\000u\000n\000d\000\040\000S\000p\000i\000e\000l\000f\000i\000g\000u\000r\000e\000n}{section.2}% 3
\BOOKMARK [3][-]{subsubsection.2.1.1}{\376\377\000B\000e\000w\000e\000g\000u\000n\000g\000s\000m\000\366\000g\000l\000i\000c\000h\000k\000e\000i\000t\000e\000n\000\040\000d\000e\000r\000\040\000F\000i\000g\000u\000r\000e\000n}{subsection.2.1}% 4
\BOOKMARK [2][-]{subsection.2.2}{\376\377\000S\000p\000i\000e\000l\000a\000b\000l\000a\000u\000f}{section.2}% 5
\BOOKMARK [1][-]{section.3}{\376\377\000B\000e\000r\000e\000c\000h\000n\000u\000n\000g\000\040\000d\000e\000r\000\040\000E\000n\000d\000s\000p\000i\000e\000l\000d\000a\000t\000e\000n\000b\000a\000n\000k}{}% 6
\BOOKMARK [2][-]{subsection.3.1}{\376\377\000E\000i\000n\000\040\000H\000i\000n\000w\000e\000i\000s\000\040\000z\000u\000\040\000S\000p\000i\000e\000g\000e\000l\000u\000n\000g\000e\000n}{section.3}% 7
\BOOKMARK [2][-]{subsection.3.2}{\376\377\000E\000i\000n\000\040\000H\000i\000n\000w\000e\000i\000s\000\040\000z\000u\000r\000\040\000e\000f\000f\000i\000z\000i\000e\000n\000t\000e\000n\000\040\000E\000r\000g\000e\000b\000n\000i\000s\000v\000e\000r\000w\000a\000l\000t\000u\000n\000g}{section.3}% 8
\BOOKMARK [2][-]{subsection.3.3}{\376\377\000F\000u\000n\000k\000t\000i\000o\000n\000e\000n\000\040\000z\000u\000r\000\040\000B\000e\000s\000t\000i\000m\000m\000u\000n\000g\000\040\000a\000l\000l\000e\000r\000\040\000g\000\374\000l\000t\000i\000g\000e\000n\000\040\000P\000o\000s\000i\000t\000i\000o\000n\000e\000n}{section.3}% 9
\BOOKMARK [2][-]{subsection.3.4}{\376\377\000D\000i\000e\000\040\000U\000r\000s\000p\000r\000u\000n\000g\000s\000m\000e\000n\000g\000e\000\040\000S\000\137\0000\000\040\000e\000r\000s\000t\000e\000l\000l\000e\000n}{section.3}% 10
\BOOKMARK [2][-]{subsection.3.5}{\376\377\000R\000\374\000c\000k\000w\000\344\000r\000t\000s\000\040\000n\000e\000u\000e\000\040\000S\000i\000t\000u\000a\000t\000i\000o\000n\000e\000n\000\040\000b\000e\000s\000t\000i\000m\000m\000e\000n}{section.3}% 11
\BOOKMARK [2][-]{subsection.3.6}{\376\377\000H\000i\000l\000f\000s\000f\000u\000n\000k\000t\000i\000o\000n\000e\000n\000\040\000f\000\374\000r\000\040\000d\000i\000e\000\040\000B\000e\000r\000e\000c\000h\000n\000u\000n\000g}{section.3}% 12
\BOOKMARK [2][-]{subsection.3.7}{\376\377\000E\000x\000p\000o\000r\000t\000\040\000i\000n\000\040\000D\000a\000t\000e\000i}{section.3}% 13
\BOOKMARK [2][-]{subsection.3.8}{\376\377\000K\000o\000n\000f\000i\000g\000u\000r\000a\000t\000i\000o\000n\000s\000\040\000V\000a\000r\000i\000a\000b\000l\000e\000n}{section.3}% 14
\BOOKMARK [2][-]{subsection.3.9}{\376\377\000S\000t\000a\000r\000t\000\040\000d\000e\000r\000\040\000R\000e\000c\000h\000n\000u\000n\000g}{section.3}% 15
\BOOKMARK [1][-]{section.4}{\376\377\000S\000p\000i\000e\000l\000e\000n\000\040\000g\000e\000g\000e\000n\000\040\000d\000i\000e\000\040\000K\000I}{}% 16
\BOOKMARK [2][-]{subsection.4.1}{\376\377\000V\000o\000m\000\040\000N\000u\000t\000z\000e\000r\000\040\000z\000u\000\040\000t\000\344\000t\000i\000g\000e\000n\000d\000e\000\040\000E\000i\000n\000s\000t\000e\000l\000l\000u\000n\000g\000e\000n}{section.4}% 17
\BOOKMARK [2][-]{subsection.4.2}{\376\377\000L\000o\000g\000i\000k\000\040\000f\000\374\000r\000\040\000d\000i\000e\000\040\000I\000n\000t\000e\000r\000a\000k\000t\000i\000o\000n\000\040\000m\000i\000t\000\040\000d\000e\000r\000\040\000S\000p\000i\000e\000l\000s\000i\000t\000u\000a\000t\000i\000o\000n}{section.4}% 18
\BOOKMARK [2][-]{subsection.4.3}{\376\377\000I\000m\000p\000o\000r\000t\000\040\000d\000e\000r\000\040\000D\000a\000t\000e\000n}{section.4}% 19
\BOOKMARK [2][-]{subsection.4.4}{\376\377\000D\000e\000n\000\040\000b\000e\000s\000t\000e\000n\000\040\000Z\000u\000g\000\040\000f\000\374\000r\000\040\000d\000i\000e\000\040\000K\000I\000\040\000e\000r\000m\000i\000t\000t\000e\000l\000n}{section.4}% 20
\BOOKMARK [2][-]{subsection.4.5}{\376\377\000G\000l\000o\000b\000a\000l\000e\000\040\000V\000a\000r\000i\000a\000b\000l\000e\000n\000\040\000f\000\374\000r\000\040\000d\000i\000e\000\040\000A\000n\000z\000e\000i\000g\000e}{section.4}% 21
\BOOKMARK [2][-]{subsection.4.6}{\376\377\000G\000l\000o\000b\000a\000l\000e\000\040\000V\000a\000r\000i\000a\000b\000l\000e\000n\000\040\000f\000\374\000r\000\040\000d\000e\000n\000\040\000a\000k\000t\000u\000e\000l\000l\000e\000n\000\040\000S\000p\000i\000e\000l\000z\000u\000s\000t\000a\000n\000d}{section.4}% 22
\BOOKMARK [2][-]{subsection.4.7}{\376\377\000W\000e\000i\000t\000e\000r\000e\000\040\000H\000i\000l\000f\000s\000f\000u\000n\000k\000t\000i\000o\000n\000e\000n}{section.4}% 23
\BOOKMARK [1][-]{section.5}{\376\377\000W\000i\000e\000d\000e\000r\000g\000e\000b\000e\000n\000\040\000e\000i\000n\000e\000r\000\040\000b\000e\000r\000e\000i\000t\000s\000\040\000g\000e\000s\000p\000i\000e\000l\000t\000e\000n\000\040\000P\000a\000r\000t\000i\000e}{}% 24
\BOOKMARK [2][-]{subsection.5.1}{\376\377\000I\000m\000p\000o\000r\000t\000i\000e\000r\000e\000n\000\040\000d\000e\000s\000\040\000S\000p\000i\000e\000l\000v\000e\000r\000l\000a\000u\000f\000s}{section.5}% 25
\BOOKMARK [2][-]{subsection.5.2}{\376\377\000A\000u\000s\000l\000e\000s\000e\000n\000\040\000d\000e\000r\000\040\000S\000t\000a\000r\000t\000p\000o\000s\000i\000t\000i\000o\000n\000\040\000u\000n\000d\000\040\000Z\000\374\000g\000e}{section.5}% 26
\BOOKMARK [2][-]{subsection.5.3}{\376\377\000S\000p\000i\000e\000l\000\040\000w\000i\000e\000d\000e\000r\000h\000o\000l\000e\000n}{section.5}% 27
\BOOKMARK [1][-]{section.6}{\376\377\000A\000u\000s\000w\000e\000r\000t\000e\000n\000\040\000e\000i\000n\000e\000s\000\040\000S\000c\000h\000a\000c\000h\000-\000E\000n\000d\000s\000p\000i\000e\000l\000s}{}% 28
\BOOKMARK [2][-]{subsection.6.1}{\376\377\000K\000o\000n\000f\000i\000g\000u\000r\000a\000t\000i\000o\000n}{section.6}% 29
\BOOKMARK [2][-]{subsection.6.2}{\376\377\000V\000e\000r\000g\000l\000e\000i\000c\000h\000\040\000z\000w\000i\000s\000c\000h\000e\000n\000\040\000S\000t\000o\000c\000k\000f\000i\000s\000h\000\040\000u\000n\000d\000\040\000K\000I}{section.6}% 30
\BOOKMARK [3][-]{subsubsection.6.2.1}{\376\377\000B\000e\000r\000e\000c\000h\000n\000u\000n\000g\000\040\000d\000e\000r\000\040\000Z\000u\000g\000l\000i\000s\000t\000e\000n}{subsection.6.2}% 31
\BOOKMARK [3][-]{subsubsection.6.2.2}{\376\377\000H\000i\000l\000f\000s\000f\000u\000n\000k\000t\000i\000o\000n\000e\000n\000\040\000f\000\374\000r\000\040\000d\000e\000n\000\040\000V\000e\000r\000g\000l\000e\000i\000c\000h}{subsection.6.2}% 32
\BOOKMARK [3][-]{subsubsection.6.2.3}{\376\377\000I\000m\000p\000l\000e\000m\000e\000n\000t\000i\000e\000r\000u\000n\000g\000\040\000d\000e\000r\000\040\000T\000e\000s\000t\000s\000z\000e\000n\000a\000r\000i\000e\000n}{subsection.6.2}% 33
\BOOKMARK [1][-]{section.7}{\376\377\000\334\000b\000e\000r\000p\000r\000\374\000f\000e\000n\000\040\000d\000e\000r\000\040\000S\000\137\000n\000\040\000M\000e\000n\000g\000e\000n}{}% 34
